<?xml version="1.0" encoding="UTF-8"?>
<beans xmlns="http://www.springframework.org/schema/beans"
	xmlns:xsi="http://www.w3.org/2001/XMLSchema-instance" xmlns:p="http://www.springframework.org/schema/p"
	xmlns:aop="http://www.springframework.org/schema/aop" xmlns:context="http://www.springframework.org/schema/context"
	xmlns:jee="http://www.springframework.org/schema/jee" xmlns:tx="http://www.springframework.org/schema/tx"
	xmlns:task="http://www.springframework.org/schema/task"
	xsi:schemaLocation="
			http://www.springframework.org/schema/aop http://www.springframework.org/schema/aop/spring-aop-3.0.xsd
			http://www.springframework.org/schema/beans http://www.springframework.org/schema/beans/spring-beans-3.0.xsd
			http://www.springframework.org/schema/context http://www.springframework.org/schema/context/spring-context-3.0.xsd
			http://www.springframework.org/schema/jee http://www.springframework.org/schema/jee/spring-jee-3.0.xsd
			http://www.springframework.org/schema/tx http://www.springframework.org/schema/tx/spring-tx-3.0.xsd
			http://www.springframework.org/schema/task http://www.springframework.org/schema/task/spring-task-3.0.xsd">

    <context:component-scan base-package="vivo.controller"/>

    <bean id="propertyConfigurer"
       class="org.springframework.beans.factory.config.PropertyPlaceholderConfigurer" lazy-init="false">
         <property name="location" value="classpath:vivo.properties"/>
    </bean>


    <!-- load META-INF/persistence.xml -->
    <tx:annotation-driven/>

    <bean class="org.springframework.orm.jpa.LocalEntityManagerFactoryBean" id="entityManagerFactory">
        <property name="persistenceUnitName" value="vivo-persistence"/>
    </bean>

    <bean class="org.springframework.orm.jpa.JpaTransactionManager" id="transactionManager">
        <property name="entityManagerFactory" ref="entityManagerFactory"/>
    </bean>

    <bean name="vivoQueryDAO" class="vivo.server.dao.VivoQueryDAO"/>

    <bean name="vivoQueryService" class="vivo.server.services.VivoQueryServiceImpl"/>

    <bean name="vivoController" class="vivo.controller.VivoController">
        <property name="vivoUrl" value="${vivoUrl}"/>
    </bean>

</beans>
